2019-07-07 20:26:37.107  INFO 14892 --- [main] .g.s.SpringBoot03LoggingApplicationTests : Starting SpringBoot03LoggingApplicationTests on LAPTOP-US74ELHI with PID 14892 (started by 李久成 in D:\Spring\spring-boot-03-logging)
2019-07-07 20:26:37.110 DEBUG 14892 --- [main] .g.s.SpringBoot03LoggingApplicationTests : Running with Spring Boot v2.1.6.RELEASE, Spring v5.1.8.RELEASE
2019-07-07 20:26:37.112  INFO 14892 --- [main] .g.s.SpringBoot03LoggingApplicationTests : No active profile set, falling back to default profiles: default
2019-07-07 20:26:53.206  INFO 23700 --- [main] .g.s.SpringBoot03LoggingApplicationTests : Starting SpringBoot03LoggingApplicationTests on LAPTOP-US74ELHI with PID 23700 (started by 李久成 in D:\Spring\spring-boot-03-logging)
2019-07-07 20:26:53.209 DEBUG 23700 --- [main] .g.s.SpringBoot03LoggingApplicationTests : Running with Spring Boot v2.1.6.RELEASE, Spring v5.1.8.RELEASE
2019-07-07 20:26:53.210  INFO 23700 --- [main] .g.s.SpringBoot03LoggingApplicationTests : No active profile set, falling back to default profiles: default
2019-07-07 20:26:55.205  INFO 23700 --- [main] o.s.s.concurrent.ThreadPoolTaskExecutor  : Initializing ExecutorService 'applicationTaskExecutor'
2019-07-07 20:26:55.555  INFO 23700 --- [main] .g.s.SpringBoot03LoggingApplicationTests : Started SpringBoot03LoggingApplicationTests in 2.878 seconds (JVM running for 4.221)
2019-07-07 20:26:55.839 TRACE 23700 --- [main] .g.s.SpringBoot03LoggingApplicationTests : 这是trace日志...
2019-07-07 20:26:55.840 DEBUG 23700 --- [main] .g.s.SpringBoot03LoggingApplicationTests : 这是debug日志...
2019-07-07 20:26:55.840  INFO 23700 --- [main] .g.s.SpringBoot03LoggingApplicationTests : 这是info日志...
2019-07-07 20:26:55.840  WARN 23700 --- [main] .g.s.SpringBoot03LoggingApplicationTests : 这是warn日志...
2019-07-07 20:26:55.840 ERROR 23700 --- [main] .g.s.SpringBoot03LoggingApplicationTests : 这是error日志...
2019-07-07 20:26:55.848  INFO 23700 --- [Thread-2] o.s.s.concurrent.ThreadPoolTaskExecutor  : Shutting down ExecutorService 'applicationTaskExecutor'
2019-07-07 20:28:30.481  INFO 16496 --- [main] .g.s.SpringBoot03LoggingApplicationTests : Starting SpringBoot03LoggingApplicationTests on LAPTOP-US74ELHI with PID 16496 (started by 李久成 in D:\Spring\spring-boot-03-logging)
2019-07-07 20:28:30.484 DEBUG 16496 --- [main] .g.s.SpringBoot03LoggingApplicationTests : Running with Spring Boot v2.1.6.RELEASE, Spring v5.1.8.RELEASE
2019-07-07 20:28:30.486  INFO 16496 --- [main] .g.s.SpringBoot03LoggingApplicationTests : No active profile set, falling back to default profiles: default
2019-07-07 20:28:32.455  INFO 16496 --- [main] o.s.s.concurrent.ThreadPoolTaskExecutor  : Initializing ExecutorService 'applicationTaskExecutor'
2019-07-07 20:28:32.939  INFO 16496 --- [main] .g.s.SpringBoot03LoggingApplicationTests : Started SpringBoot03LoggingApplicationTests in 2.946 seconds (JVM running for 4.285)
2019-07-07 20:28:33.277 TRACE 16496 --- [main] .g.s.SpringBoot03LoggingApplicationTests : 这是trace日志...
2019-07-07 20:28:33.278 DEBUG 16496 --- [main] .g.s.SpringBoot03LoggingApplicationTests : 这是debug日志...
2019-07-07 20:28:33.278  INFO 16496 --- [main] .g.s.SpringBoot03LoggingApplicationTests : 这是info日志...
2019-07-07 20:28:33.278  WARN 16496 --- [main] .g.s.SpringBoot03LoggingApplicationTests : 这是warn日志...
2019-07-07 20:28:33.278 ERROR 16496 --- [main] .g.s.SpringBoot03LoggingApplicationTests : 这是error日志...
2019-07-07 20:28:33.288  INFO 16496 --- [Thread-2] o.s.s.concurrent.ThreadPoolTaskExecutor  : Shutting down ExecutorService 'applicationTaskExecutor'
2019-07-07 === [main] === INFO  === c.g.springboot.SpringBoot03LoggingApplicationTests === Starting SpringBoot03LoggingApplicationTests on LAPTOP-US74ELHI with PID 24068 (started by 李久成 in D:\Spring\spring-boot-03-logging)
2019-07-07 === [main] === DEBUG === c.g.springboot.SpringBoot03LoggingApplicationTests === Running with Spring Boot v2.1.6.RELEASE, Spring v5.1.8.RELEASE
2019-07-07 === [main] === INFO  === c.g.springboot.SpringBoot03LoggingApplicationTests === No active profile set, falling back to default profiles: default
2019-07-07 === [main] === INFO  === o.s.scheduling.concurrent.ThreadPoolTaskExecutor === Initializing ExecutorService 'applicationTaskExecutor'
2019-07-07 === [main] === INFO  === c.g.springboot.SpringBoot03LoggingApplicationTests === Started SpringBoot03LoggingApplicationTests in 2.592 seconds (JVM running for 3.891)
2019-07-07 === [main] === TRACE === c.g.springboot.SpringBoot03LoggingApplicationTests === 这是trace日志...
2019-07-07 === [main] === DEBUG === c.g.springboot.SpringBoot03LoggingApplicationTests === 这是debug日志...
2019-07-07 === [main] === INFO  === c.g.springboot.SpringBoot03LoggingApplicationTests === 这是info日志...
2019-07-07 === [main] === WARN  === c.g.springboot.SpringBoot03LoggingApplicationTests === 这是warn日志...
2019-07-07 === [main] === ERROR === c.g.springboot.SpringBoot03LoggingApplicationTests === 这是error日志...
2019-07-07 === [Thread-2] === INFO  === o.s.scheduling.concurrent.ThreadPoolTaskExecutor === Shutting down ExecutorService 'applicationTaskExecutor'
2019-07-07 === [main] === INFO  === com.guigu.springboot.SpringBoot03LoggingApplicationTests === Starting SpringBoot03LoggingApplicationTests on LAPTOP-US74ELHI with PID 24980 (started by 李久成 in D:\Spring\spring-boot-03-logging)
2019-07-07 === [main] === DEBUG === com.guigu.springboot.SpringBoot03LoggingApplicationTests === Running with Spring Boot v2.1.6.RELEASE, Spring v5.1.8.RELEASE
2019-07-07 === [main] === INFO  === com.guigu.springboot.SpringBoot03LoggingApplicationTests === The following profiles are active: dev
2019-07-07 === [main] === INFO  === org.springframework.scheduling.concurrent.ThreadPoolTaskExecutor === Initializing ExecutorService 'applicationTaskExecutor'
2019-07-07 === [main] === INFO  === com.guigu.springboot.SpringBoot03LoggingApplicationTests === Started SpringBoot03LoggingApplicationTests in 3.088 seconds (JVM running for 4.936)
2019-07-07 === [main] === TRACE === com.guigu.springboot.SpringBoot03LoggingApplicationTests === 这是trace日志...
2019-07-07 === [main] === DEBUG === com.guigu.springboot.SpringBoot03LoggingApplicationTests === 这是debug日志...
2019-07-07 === [main] === INFO  === com.guigu.springboot.SpringBoot03LoggingApplicationTests === 这是info日志...
2019-07-07 === [main] === WARN  === com.guigu.springboot.SpringBoot03LoggingApplicationTests === 这是warn日志...
2019-07-07 === [main] === ERROR === com.guigu.springboot.SpringBoot03LoggingApplicationTests === 这是error日志...
2019-07-07 === [Thread-2] === INFO  === org.springframework.scheduling.concurrent.ThreadPoolTaskExecutor === Shutting down ExecutorService 'applicationTaskExecutor'
2019-07-08 === [main] === INFO  === com.guigu.springboot.SpringBoot03LoggingApplication === Starting SpringBoot03LoggingApplication on LAPTOP-US74ELHI with PID 27504 (D:\Spring\spring-boot-03-logging\target\classes started by 李久成 in D:\Spring\spring-boot-03-logging)
2019-07-08 === [main] === DEBUG === com.guigu.springboot.SpringBoot03LoggingApplication === Running with Spring Boot v2.1.6.RELEASE, Spring v5.1.8.RELEASE
2019-07-08 === [main] === INFO  === com.guigu.springboot.SpringBoot03LoggingApplication === The following profiles are active: dev
2019-07-08 === [main] === INFO  === org.springframework.boot.web.embedded.tomcat.TomcatWebServer === Tomcat initialized with port(s): 8080 (http)
2019-07-08 === [main] === INFO  === org.apache.catalina.core.StandardService === Starting service [Tomcat]
2019-07-08 === [main] === INFO  === org.apache.catalina.core.StandardEngine === Starting Servlet engine: [Apache Tomcat/9.0.21]
2019-07-08 === [main] === INFO  === org.apache.catalina.core.ContainerBase.[Tomcat].[localhost].[/] === Initializing Spring embedded WebApplicationContext
2019-07-08 === [main] === INFO  === org.springframework.web.context.ContextLoader === Root WebApplicationContext: initialization completed in 1100 ms
2019-07-08 === [main] === INFO  === org.springframework.scheduling.concurrent.ThreadPoolTaskExecutor === Initializing ExecutorService 'applicationTaskExecutor'
2019-07-08 === [main] === INFO  === org.springframework.boot.web.embedded.tomcat.TomcatWebServer === Tomcat started on port(s): 8080 (http) with context path ''
2019-07-08 === [main] === INFO  === com.guigu.springboot.SpringBoot03LoggingApplication === Started SpringBoot03LoggingApplication in 2.175 seconds (JVM running for 3.723)
2019-07-30 === [main] === INFO  === com.guigu.springboot.SpringBoot03LoggingApplication === Starting SpringBoot03LoggingApplication on LAPTOP-US74ELHI with PID 18136 (D:\Spring\spring-boot-03-logging\target\classes started by 李久成 in D:\Spring\spring-boot-03-logging)
2019-07-30 === [main] === DEBUG === com.guigu.springboot.SpringBoot03LoggingApplication === Running with Spring Boot v2.1.6.RELEASE, Spring v5.1.8.RELEASE
2019-07-30 === [main] === INFO  === com.guigu.springboot.SpringBoot03LoggingApplication === The following profiles are active: dev
2019-07-30 === [main] === INFO  === org.springframework.boot.web.embedded.tomcat.TomcatWebServer === Tomcat initialized with port(s): 8080 (http)
2019-07-30 === [main] === INFO  === org.apache.catalina.core.StandardService === Starting service [Tomcat]
2019-07-30 === [main] === INFO  === org.apache.catalina.core.StandardEngine === Starting Servlet engine: [Apache Tomcat/9.0.21]
2019-07-30 === [main] === INFO  === org.apache.catalina.core.AprLifecycleListener === Loaded APR based Apache Tomcat Native library [1.2.23] using APR version [1.7.0].
2019-07-30 === [main] === INFO  === org.apache.catalina.core.AprLifecycleListener === APR capabilities: IPv6 [true], sendfile [true], accept filters [false], random [true].
2019-07-30 === [main] === INFO  === org.apache.catalina.core.AprLifecycleListener === APR/OpenSSL configuration: useAprConnector [false], useOpenSSL [true]
2019-07-30 === [main] === INFO  === org.apache.catalina.core.AprLifecycleListener === OpenSSL successfully initialized [OpenSSL 1.1.1c  28 May 2019]
2019-07-30 === [main] === INFO  === org.apache.catalina.core.ContainerBase.[Tomcat].[localhost].[/] === Initializing Spring embedded WebApplicationContext
2019-07-30 === [main] === INFO  === org.springframework.web.context.ContextLoader === Root WebApplicationContext: initialization completed in 1600 ms
2019-07-30 === [main] === INFO  === org.springframework.scheduling.concurrent.ThreadPoolTaskExecutor === Initializing ExecutorService 'applicationTaskExecutor'
2019-07-30 === [main] === INFO  === org.springframework.boot.web.embedded.tomcat.TomcatWebServer === Tomcat started on port(s): 8080 (http) with context path ''
2019-07-30 === [main] === INFO  === com.guigu.springboot.SpringBoot03LoggingApplication === Started SpringBoot03LoggingApplication in 2.864 seconds (JVM running for 4.782)
2019-07-30 === [main] === INFO  === com.guigu.springboot.SpringBoot03LoggingApplicationTests === Starting SpringBoot03LoggingApplicationTests on LAPTOP-US74ELHI with PID 16360 (started by 李久成 in D:\Spring\spring-boot-03-logging)
2019-07-30 === [main] === DEBUG === com.guigu.springboot.SpringBoot03LoggingApplicationTests === Running with Spring Boot v2.1.6.RELEASE, Spring v5.1.8.RELEASE
2019-07-30 === [main] === INFO  === com.guigu.springboot.SpringBoot03LoggingApplicationTests === The following profiles are active: dev
2019-07-30 === [main] === INFO  === org.springframework.scheduling.concurrent.ThreadPoolTaskExecutor === Initializing ExecutorService 'applicationTaskExecutor'
2019-07-30 === [main] === INFO  === com.guigu.springboot.SpringBoot03LoggingApplicationTests === Started SpringBoot03LoggingApplicationTests in 3.765 seconds (JVM running for 5.661)
2019-07-30 === [main] === TRACE === com.guigu.springboot.SpringBoot03LoggingApplicationTests === 这是trace日志...
2019-07-30 === [main] === DEBUG === com.guigu.springboot.SpringBoot03LoggingApplicationTests === 这是debug日志...
2019-07-30 === [main] === INFO  === com.guigu.springboot.SpringBoot03LoggingApplicationTests === 这是info日志...
2019-07-30 === [main] === WARN  === com.guigu.springboot.SpringBoot03LoggingApplicationTests === 这是warn日志...
2019-07-30 === [main] === ERROR === com.guigu.springboot.SpringBoot03LoggingApplicationTests === 这是error日志...
2019-07-30 === [Thread-2] === INFO  === org.springframework.scheduling.concurrent.ThreadPoolTaskExecutor === Shutting down ExecutorService 'applicationTaskExecutor'
2019-08-12 === [main] === INFO  === com.guigu.springboot.SpringBoot03LoggingApplicationTests === Starting SpringBoot03LoggingApplicationTests on LAPTOP-US74ELHI with PID 14352 (started by 李久成 in D:\Spring\spring-boot-03-logging)
2019-08-12 === [main] === DEBUG === com.guigu.springboot.SpringBoot03LoggingApplicationTests === Running with Spring Boot v2.1.6.RELEASE, Spring v5.1.8.RELEASE
2019-08-12 === [main] === INFO  === com.guigu.springboot.SpringBoot03LoggingApplicationTests === The following profiles are active: dev
2019-08-12 === [main] === INFO  === org.springframework.scheduling.concurrent.ThreadPoolTaskExecutor === Initializing ExecutorService 'applicationTaskExecutor'
2019-08-12 === [main] === INFO  === com.guigu.springboot.SpringBoot03LoggingApplicationTests === Started SpringBoot03LoggingApplicationTests in 3.938 seconds (JVM running for 6.186)
2019-08-12 === [main] === TRACE === com.guigu.springboot.SpringBoot03LoggingApplicationTests === 这是trace日志...
2019-08-12 === [main] === DEBUG === com.guigu.springboot.SpringBoot03LoggingApplicationTests === 这是debug日志...
2019-08-12 === [main] === INFO  === com.guigu.springboot.SpringBoot03LoggingApplicationTests === 这是info日志...
2019-08-12 === [main] === WARN  === com.guigu.springboot.SpringBoot03LoggingApplicationTests === 这是warn日志...
2019-08-12 === [main] === ERROR === com.guigu.springboot.SpringBoot03LoggingApplicationTests === 这是error日志...
2019-08-12 === [Thread-2] === INFO  === org.springframework.scheduling.concurrent.ThreadPoolTaskExecutor === Shutting down ExecutorService 'applicationTaskExecutor'
